{"/home/dmitry-kazakov/projects/dk/compare-env/src/arrayDifference.ts": {"path":"/home/dmitry-kazakov/projects/dk/compare-env/src/arrayDifference.ts","statementMap":{"0":{"start":{"line":2,"column":2},"end":{"line":2,"column":99}},"1":{"start":{"line":2,"column":29},"end":{"line":2,"column":49}},"2":{"start":{"line":2,"column":78},"end":{"line":2,"column":97}},"3":{"start":{"line":1,"column":0},"end":{"line":1,"column":16}}},"fnMap":{"0":{"name":"arrayDifference","decl":{"start":{"line":1,"column":16},"end":{"line":1,"column":31}},"loc":{"start":{"line":1,"column":75},"end":{"line":3,"column":1}}},"1":{"name":"(anonymous_1)","decl":{"start":{"line":2,"column":22},"end":{"line":2,"column":23}},"loc":{"start":{"line":2,"column":24},"end":{"line":2,"column":30}}},"2":{"name":"(anonymous_2)","decl":{"start":{"line":2,"column":71},"end":{"line":2,"column":72}},"loc":{"start":{"line":2,"column":73},"end":{"line":2,"column":79}}}},"branchMap":{},"s":{"0":35,"1":63,"2":63,"3":1},"f":{"0":35,"1":63,"2":63},"b":{}}
,"/home/dmitry-kazakov/projects/dk/compare-env/src/checkFilesExistence.ts": {"path":"/home/dmitry-kazakov/projects/dk/compare-env/src/checkFilesExistence.ts","statementMap":{"0":{"start":{"line":1,"column":0},"end":{"line":1,"column":20}},"1":{"start":{"line":3,"column":0},"end":{"line":3,"column":34}},"2":{"start":{"line":5,"column":43},"end":{"line":5,"column":71}},"3":{"start":{"line":6,"column":2},"end":{"line":8,"column":5}},"4":{"start":{"line":7,"column":4},"end":{"line":7,"column":96}},"5":{"start":{"line":7,"column":34},"end":{"line":7,"column":96}},"6":{"start":{"line":5,"column":0},"end":{"line":5,"column":16}}},"fnMap":{"0":{"name":"checkFilesExistence","decl":{"start":{"line":5,"column":16},"end":{"line":5,"column":35}},"loc":{"start":{"line":5,"column":71},"end":{"line":9,"column":1}}},"1":{"name":"(anonymous_2)","decl":{"start":{"line":6,"column":16},"end":{"line":6,"column":17}},"loc":{"start":{"line":6,"column":25},"end":{"line":8,"column":3}}}},"branchMap":{"0":{"loc":{"start":{"line":7,"column":4},"end":{"line":7,"column":96}},"type":"if","locations":[{"start":{"line":7,"column":4},"end":{"line":7,"column":96}},{"start":{"line":7,"column":4},"end":{"line":7,"column":96}}]}},"s":{"0":1,"1":1,"2":7,"3":7,"4":18,"5":1,"6":1},"f":{"0":7,"1":18},"b":{"0":[1,17]}}
,"/home/dmitry-kazakov/projects/dk/compare-env/src/compareEnvByMatrix.ts": {"path":"/home/dmitry-kazakov/projects/dk/compare-env/src/compareEnvByMatrix.ts","statementMap":{"0":{"start":{"line":2,"column":0},"end":{"line":2,"column":52}},"1":{"start":{"line":3,"column":0},"end":{"line":3,"column":34}},"2":{"start":{"line":6,"column":12},"end":{"line":6,"column":null}},"3":{"start":{"line":7,"column":8},"end":{"line":7,"column":null}},"4":{"start":{"line":12,"column":2},"end":{"line":25,"column":5}},"5":{"start":{"line":12,"column":29},"end":{"line":12,"column":31}},"6":{"start":{"line":12,"column":42},"end":{"line":12,"column":43}},"7":{"start":{"line":13,"column":57},"end":{"line":13,"column":79}},"8":{"start":{"line":13,"column":27},"end":{"line":13,"column":39}},"9":{"start":{"line":13,"column":52},"end":{"line":13,"column":57}},"10":{"start":{"line":14,"column":59},"end":{"line":14,"column":82}},"11":{"start":{"line":14,"column":28},"end":{"line":14,"column":40}},"12":{"start":{"line":14,"column":54},"end":{"line":14,"column":59}},"13":{"start":{"line":16,"column":17},"end":{"line":16,"column":55}},"14":{"start":{"line":18,"column":4},"end":{"line":24,"column":null}},"15":{"start":{"line":19,"column":6},"end":{"line":23,"column":8}},"16":{"start":{"line":5,"column":0},"end":{"line":5,"column":16}}},"fnMap":{"0":{"name":"compareEnvByMatrix","decl":{"start":{"line":5,"column":16},"end":{"line":5,"column":34}},"loc":{"start":{"line":11,"column":1},"end":{"line":26,"column":1}}},"1":{"name":"(anonymous_1)","decl":{"start":{"line":12,"column":17},"end":{"line":12,"column":18}},"loc":{"start":{"line":12,"column":43},"end":{"line":25,"column":3}}}},"branchMap":{"0":{"loc":{"start":{"line":18,"column":4},"end":{"line":24,"column":null}},"type":"if","locations":[{"start":{"line":18,"column":4},"end":{"line":24,"column":null}},{"start":{"line":18,"column":4},"end":{"line":24,"column":null}}]}},"s":{"0":1,"1":1,"2":8,"3":8,"4":8,"5":19,"6":19,"7":19,"8":19,"9":19,"10":19,"11":19,"12":19,"13":19,"14":19,"15":3,"16":1},"f":{"0":8,"1":19},"b":{"0":[3,16]}}
,"/home/dmitry-kazakov/projects/dk/compare-env/src/compareEnvFiles.ts": {"path":"/home/dmitry-kazakov/projects/dk/compare-env/src/compareEnvFiles.ts","statementMap":{"0":{"start":{"line":1,"column":0},"end":{"line":1,"column":34}},"1":{"start":{"line":2,"column":0},"end":{"line":2,"column":58}},"2":{"start":{"line":3,"column":0},"end":{"line":3,"column":60}},"3":{"start":{"line":4,"column":0},"end":{"line":4,"column":64}},"4":{"start":{"line":5,"column":0},"end":{"line":5,"column":48}},"5":{"start":{"line":6,"column":0},"end":{"line":6,"column":70}},"6":{"start":{"line":9,"column":7},"end":{"line":9,"column":null}},"7":{"start":{"line":10,"column":15},"end":{"line":10,"column":null}},"8":{"start":{"line":15,"column":2},"end":{"line":15,"column":58}},"9":{"start":{"line":15,"column":51},"end":{"line":15,"column":58}},"10":{"start":{"line":17,"column":2},"end":{"line":21,"column":null}},"11":{"start":{"line":18,"column":4},"end":{"line":20,"column":6}},"12":{"start":{"line":23,"column":2},"end":{"line":23,"column":33}},"13":{"start":{"line":25,"column":21},"end":{"line":25,"column":53}},"14":{"start":{"line":26,"column":17},"end":{"line":26,"column":57}},"15":{"start":{"line":28,"column":2},"end":{"line":28,"column":45}},"16":{"start":{"line":29,"column":2},"end":{"line":29,"column":47}},"17":{"start":{"line":8,"column":0},"end":{"line":8,"column":16}}},"fnMap":{"0":{"name":"compareEnvFiles","decl":{"start":{"line":8,"column":16},"end":{"line":8,"column":31}},"loc":{"start":{"line":14,"column":1},"end":{"line":30,"column":1}}}},"branchMap":{"0":{"loc":{"start":{"line":15,"column":2},"end":{"line":15,"column":58}},"type":"if","locations":[{"start":{"line":15,"column":2},"end":{"line":15,"column":58}},{"start":{"line":15,"column":2},"end":{"line":15,"column":58}}]},"1":{"loc":{"start":{"line":15,"column":6},"end":{"line":15,"column":49}},"type":"binary-expr","locations":[{"start":{"line":15,"column":6},"end":{"line":15,"column":24}},{"start":{"line":15,"column":28},"end":{"line":15,"column":49}}]},"2":{"loc":{"start":{"line":17,"column":2},"end":{"line":21,"column":null}},"type":"if","locations":[{"start":{"line":17,"column":2},"end":{"line":21,"column":null}},{"start":{"line":17,"column":2},"end":{"line":21,"column":null}}]},"3":{"loc":{"start":{"line":17,"column":6},"end":{"line":17,"column":51}},"type":"binary-expr","locations":[{"start":{"line":17,"column":6},"end":{"line":17,"column":24}},{"start":{"line":17,"column":28},"end":{"line":17,"column":49}}]},"4":{"loc":{"start":{"line":17,"column":28},"end":{"line":17,"column":49}},"type":"cond-expr","locations":[{"start":{"line":17,"column":41},"end":{"line":17,"column":43}},{"start":{"line":17,"column":28},"end":{"line":17,"column":49}}]},"5":{"loc":{"start":{"line":17,"column":28},"end":{"line":17,"column":43}},"type":"binary-expr","locations":[{"start":{"line":17,"column":28},"end":{"line":17,"column":43}},{"start":{"line":17,"column":28},"end":{"line":17,"column":43}}]}},"s":{"0":1,"1":1,"2":1,"3":1,"4":1,"5":1,"6":7,"7":7,"8":7,"9":1,"10":6,"11":1,"12":5,"13":5,"14":5,"15":5,"16":4,"17":1},"f":{"0":7},"b":{"0":[1,6],"1":[7,2],"2":[1,5],"3":[6,1],"4":[0,1],"5":[1,1]}}
,"/home/dmitry-kazakov/projects/dk/compare-env/src/compareParsed.ts": {"path":"/home/dmitry-kazakov/projects/dk/compare-env/src/compareParsed.ts","statementMap":{"0":{"start":{"line":2,"column":0},"end":{"line":2,"column":34}},"1":{"start":{"line":3,"column":0},"end":{"line":3,"column":52}},"2":{"start":{"line":6,"column":12},"end":{"line":6,"column":null}},"3":{"start":{"line":7,"column":15},"end":{"line":7,"column":null}},"4":{"start":{"line":12,"column":2},"end":{"line":12,"column":29}},"5":{"start":{"line":12,"column":22},"end":{"line":12,"column":29}},"6":{"start":{"line":14,"column":2},"end":{"line":24,"column":5}},"7":{"start":{"line":14,"column":28},"end":{"line":14,"column":30}},"8":{"start":{"line":14,"column":38},"end":{"line":14,"column":40}},"9":{"start":{"line":15,"column":17},"end":{"line":15,"column":53}},"10":{"start":{"line":17,"column":4},"end":{"line":23,"column":null}},"11":{"start":{"line":18,"column":6},"end":{"line":22,"column":8}},"12":{"start":{"line":5,"column":0},"end":{"line":5,"column":16}}},"fnMap":{"0":{"name":"compareParsed","decl":{"start":{"line":5,"column":16},"end":{"line":5,"column":29}},"loc":{"start":{"line":11,"column":1},"end":{"line":25,"column":1}}},"1":{"name":"(anonymous_1)","decl":{"start":{"line":14,"column":21},"end":{"line":14,"column":22}},"loc":{"start":{"line":14,"column":40},"end":{"line":24,"column":3}}}},"branchMap":{"0":{"loc":{"start":{"line":12,"column":2},"end":{"line":12,"column":29}},"type":"if","locations":[{"start":{"line":12,"column":2},"end":{"line":12,"column":29}},{"start":{"line":12,"column":2},"end":{"line":12,"column":29}}]},"1":{"loc":{"start":{"line":17,"column":4},"end":{"line":23,"column":null}},"type":"if","locations":[{"start":{"line":17,"column":4},"end":{"line":23,"column":null}},{"start":{"line":17,"column":4},"end":{"line":23,"column":null}}]}},"s":{"0":1,"1":1,"2":9,"3":9,"4":9,"5":1,"6":8,"7":13,"8":13,"9":13,"10":13,"11":6,"12":1},"f":{"0":9,"1":13},"b":{"0":[1,8],"1":[6,7]}}
,"/home/dmitry-kazakov/projects/dk/compare-env/src/errors.ts": {"path":"/home/dmitry-kazakov/projects/dk/compare-env/src/errors.ts","statementMap":{"0":{"start":{"line":1,"column":13},"end":{"line":6,"column":2}}},"fnMap":{},"branchMap":{},"s":{"0":1},"f":{},"b":{}}
,"/home/dmitry-kazakov/projects/dk/compare-env/src/generateComparisonMatrix.ts": {"path":"/home/dmitry-kazakov/projects/dk/compare-env/src/generateComparisonMatrix.ts","statementMap":{"0":{"start":{"line":4,"column":12},"end":{"line":4,"column":null}},"1":{"start":{"line":8,"column":2},"end":{"line":8,"column":41}},"2":{"start":{"line":8,"column":31},"end":{"line":8,"column":41}},"3":{"start":{"line":9,"column":2},"end":{"line":9,"column":47}},"4":{"start":{"line":9,"column":31},"end":{"line":9,"column":47}},"5":{"start":{"line":11,"column":2},"end":{"line":21,"column":33}},"6":{"start":{"line":12,"column":24},"end":{"line":12,"column":26}},"7":{"start":{"line":14,"column":4},"end":{"line":16,"column":null}},"8":{"start":{"line":14,"column":25},"end":{"line":14,"column":34}},"9":{"start":{"line":15,"column":6},"end":{"line":15,"column":34}},"10":{"start":{"line":18,"column":4},"end":{"line":18,"column":72}},"11":{"start":{"line":18,"column":39},"end":{"line":18,"column":71}},"12":{"start":{"line":20,"column":4},"end":{"line":20,"column":18}},"13":{"start":{"line":3,"column":0},"end":{"line":3,"column":16}}},"fnMap":{"0":{"name":"generateComparisonMatrix","decl":{"start":{"line":3,"column":16},"end":{"line":3,"column":40}},"loc":{"start":{"line":7,"column":1},"end":{"line":22,"column":1}}},"1":{"name":"(anonymous_1)","decl":{"start":{"line":11,"column":27},"end":{"line":11,"column":28}},"loc":{"start":{"line":11,"column":52},"end":{"line":21,"column":3}}},"2":{"name":"(anonymous_2)","decl":{"start":{"line":18,"column":24},"end":{"line":18,"column":25}},"loc":{"start":{"line":18,"column":34},"end":{"line":18,"column":45}}}},"branchMap":{"0":{"loc":{"start":{"line":8,"column":2},"end":{"line":8,"column":41}},"type":"if","locations":[{"start":{"line":8,"column":2},"end":{"line":8,"column":41}},{"start":{"line":8,"column":2},"end":{"line":8,"column":41}}]},"1":{"loc":{"start":{"line":9,"column":2},"end":{"line":9,"column":47}},"type":"if","locations":[{"start":{"line":9,"column":2},"end":{"line":9,"column":47}},{"start":{"line":9,"column":2},"end":{"line":9,"column":47}}]}},"s":{"0":14,"1":14,"2":1,"3":13,"4":1,"5":12,"6":38,"7":38,"8":38,"9":44,"10":38,"11":44,"12":38,"13":1},"f":{"0":14,"1":38,"2":44},"b":{"0":[1,13],"1":[1,12]}}
,"/home/dmitry-kazakov/projects/dk/compare-env/src/generateConfigFromEnv.ts": {"path":"/home/dmitry-kazakov/projects/dk/compare-env/src/generateConfigFromEnv.ts","statementMap":{"0":{"start":{"line":1,"column":0},"end":{"line":1,"column":20}},"1":{"start":{"line":2,"column":0},"end":{"line":2,"column":24}},"2":{"start":{"line":4,"column":0},"end":{"line":4,"column":28}},"3":{"start":{"line":8,"column":45},"end":{"line":8,"column":73}},"4":{"start":{"line":9,"column":2},"end":{"line":17,"column":5}},"5":{"start":{"line":10,"column":26},"end":{"line":10,"column":46}},"6":{"start":{"line":10,"column":16},"end":{"line":10,"column":18}},"7":{"start":{"line":10,"column":21},"end":{"line":10,"column":26}},"8":{"start":{"line":12,"column":21},"end":{"line":12,"column":31}},"9":{"start":{"line":13,"column":24},"end":{"line":13,"column":49}},"10":{"start":{"line":14,"column":24},"end":{"line":14,"column":49}},"11":{"start":{"line":16,"column":4},"end":{"line":16,"column":69}},"12":{"start":{"line":8,"column":0},"end":{"line":8,"column":16}}},"fnMap":{"0":{"name":"generateConfigFromEnv","decl":{"start":{"line":8,"column":16},"end":{"line":8,"column":37}},"loc":{"start":{"line":8,"column":73},"end":{"line":18,"column":1}}},"1":{"name":"(anonymous_2)","decl":{"start":{"line":9,"column":19},"end":{"line":9,"column":20}},"loc":{"start":{"line":9,"column":28},"end":{"line":17,"column":3}}}},"branchMap":{},"s":{"0":1,"1":1,"2":1,"3":14,"4":14,"5":39,"6":39,"7":39,"8":39,"9":39,"10":39,"11":39,"12":1},"f":{"0":14,"1":39},"b":{}}
}
